<?xml version="1.0" encoding="UTF-8"?>
<!-- Generated by org.testng.reporters.JUnitReportReporter -->
<testsuite hostname="IN-DCY1GK3" failures="0" tests="1" name="com.nagp.tests.AddToCartAndCheckOutTest" time="29.140" errors="0" timestamp="2023-08-14T00:36:01 IST" skipped="0">
  <testcase classname="com.nagp.tests.AddToCartAndCheckOutTest" name="AddToCartCheckOut" time="29.140"/>
  <system-out/>
</testsuite> <!-- com.nagp.tests.AddToCartAndCheckOutTest -->
