<?xml version="1.0" encoding="UTF-8"?>
<!-- Generated by org.testng.reporters.JUnitReportReporter -->
<testsuite hostname="IN-DCY1GK3" failures="0" tests="1" name="com.nagp.tests.ChooseProductFromDropDownTest" time="9.868" errors="0" timestamp="2023-08-04T10:54:12 IST" skipped="0">
  <testcase classname="com.nagp.tests.ChooseProductFromDropDownTest" name="ChoosePro" time="9.868"/>
  <system-out/>
</testsuite> <!-- com.nagp.tests.ChooseProductFromDropDownTest -->
