<?xml version="1.0" encoding="UTF-8"?>
<!-- Generated by org.testng.reporters.JUnitReportReporter -->
<testsuite hostname="IN-DCY1GK3" failures="0" tests="1" name="com.nagp.tests.ChooseProductFromDropDownTest" time="14.422" errors="0" timestamp="2023-08-13T20:48:31 IST" skipped="0">
  <testcase classname="com.nagp.tests.ChooseProductFromDropDownTest" name="ChoosePro" time="14.422"/>
  <system-out/>
</testsuite> <!-- com.nagp.tests.ChooseProductFromDropDownTest -->
