<?xml version="1.0" encoding="UTF-8"?>
<!-- Generated by org.testng.reporters.JUnitReportReporter -->
<testsuite hostname="IN-DCY1GK3" failures="0" tests="2" name="com.nagp.tests.ReadAndWriteReviewsForProductTest" time="33.728" errors="0" timestamp="2023-08-13T20:48:31 IST" skipped="0">
  <testcase classname="com.nagp.tests.ReadAndWriteReviewsForProductTest" name="ReadReviewTest" time="14.886"/>
  <system-out/>
  <testcase classname="com.nagp.tests.ReadAndWriteReviewsForProductTest" name="WriteReviewTest" time="18.842"/>
  <system-out/>
</testsuite> <!-- com.nagp.tests.ReadAndWriteReviewsForProductTest -->
