<?xml version="1.0" encoding="UTF-8"?>
<!-- Generated by org.testng.reporters.JUnitReportReporter -->
<testsuite hostname="IN-DCY1GK3" failures="0" tests="1" name="com.nagp.tests.CreateAccountTest" time="18.417" errors="0" timestamp="2023-08-14T00:36:01 IST" skipped="0">
  <testcase classname="com.nagp.tests.CreateAccountTest" name="createAccountTest" time="18.417"/>
  <system-out/>
</testsuite> <!-- com.nagp.tests.CreateAccountTest -->
