<?xml version="1.0" encoding="UTF-8"?>
<!-- Generated by org.testng.reporters.JUnitReportReporter -->
<testsuite hostname="IN-DCY1GK3" failures="0" tests="1" name="com.nagp.tests.CreateAccountTest" time="9.427" errors="0" timestamp="2023-08-04T10:54:12 IST" skipped="0">
  <testcase classname="com.nagp.tests.CreateAccountTest" name="createAccountTest" time="9.427"/>
  <system-out/>
</testsuite> <!-- com.nagp.tests.CreateAccountTest -->
